<?xml version="1.0" encoding="UTF-8"?>
<coverage generated="1667671024773" clover="3.2.0">
  <project timestamp="1667671024773" name="All files">
    <metrics statements="194" coveredstatements="135" conditionals="65" coveredconditionals="53" methods="45" coveredmethods="31" elements="304" coveredelements="219" complexity="0" loc="194" ncloc="194" packages="2" files="11" classes="11"/>
    <package name="lib">
      <metrics statements="192" coveredstatements="133" conditionals="65" coveredconditionals="53" methods="45" coveredmethods="31"/>
      <file name="DOMDisplay.js" path="/Users/ritaaktay/Projects/squid-game/lib/DOMDisplay.js">
        <metrics statements="26" coveredstatements="1" conditionals="2" coveredconditionals="0" methods="6" coveredmethods="0"/>
        <line num="3" count="0" type="stmt"/>
        <line num="4" count="0" type="stmt"/>
        <line num="9" count="0" type="stmt"/>
        <line num="10" count="0" type="stmt"/>
        <line num="14" count="0" type="stmt"/>
        <line num="18" count="0" type="cond" truecount="0" falsecount="2"/>
        <line num="19" count="0" type="stmt"/>
        <line num="20" count="0" type="stmt"/>
        <line num="21" count="0" type="stmt"/>
        <line num="25" count="0" type="stmt"/>
        <line num="32" count="0" type="stmt"/>
        <line num="35" count="0" type="stmt"/>
        <line num="42" count="0" type="stmt"/>
        <line num="46" count="0" type="stmt"/>
        <line num="49" count="0" type="stmt"/>
        <line num="50" count="0" type="stmt"/>
        <line num="51" count="0" type="stmt"/>
        <line num="52" count="0" type="stmt"/>
        <line num="53" count="0" type="stmt"/>
        <line num="59" count="0" type="stmt"/>
        <line num="60" count="0" type="stmt"/>
        <line num="61" count="0" type="stmt"/>
        <line num="63" count="0" type="stmt"/>
        <line num="64" count="0" type="stmt"/>
        <line num="66" count="0" type="stmt"/>
        <line num="70" count="1" type="stmt"/>
      </file>
      <file name="blockJumpGame.js" path="/Users/ritaaktay/Projects/squid-game/lib/blockJumpGame.js">
        <metrics statements="35" coveredstatements="1" conditionals="9" coveredconditionals="0" methods="8" coveredmethods="0"/>
        <line num="3" count="0" type="stmt"/>
        <line num="4" count="0" type="stmt"/>
        <line num="5" count="0" type="stmt"/>
        <line num="6" count="0" type="stmt"/>
        <line num="7" count="0" type="stmt"/>
        <line num="8" count="0" type="stmt"/>
        <line num="9" count="0" type="stmt"/>
        <line num="10" count="0" type="stmt"/>
        <line num="13" count="0" type="stmt"/>
        <line num="14" count="0" type="stmt"/>
        <line num="15" count="0" type="stmt"/>
        <line num="16" count="0" type="stmt"/>
        <line num="20" count="0" type="stmt"/>
        <line num="21" count="0" type="stmt"/>
        <line num="24" count="0" type="stmt"/>
        <line num="25" count="0" type="stmt"/>
        <line num="26" count="0" type="stmt"/>
        <line num="29" count="0" type="stmt"/>
        <line num="32" count="0" type="cond" truecount="0" falsecount="5"/>
        <line num="33" count="0" type="stmt"/>
        <line num="34" count="0" type="stmt"/>
        <line num="35" count="0" type="stmt"/>
        <line num="36" count="0" type="stmt"/>
        <line num="41" count="0" type="stmt"/>
        <line num="42" count="0" type="stmt"/>
        <line num="43" count="0" type="cond" truecount="0" falsecount="2"/>
        <line num="44" count="0" type="stmt"/>
        <line num="45" count="0" type="cond" truecount="0" falsecount="2"/>
        <line num="46" count="0" type="stmt"/>
        <line num="47" count="0" type="stmt"/>
        <line num="48" count="0" type="stmt"/>
        <line num="49" count="0" type="stmt"/>
        <line num="53" count="0" type="stmt"/>
        <line num="54" count="0" type="stmt"/>
        <line num="59" count="5" type="stmt"/>
      </file>
      <file name="cookieJar.js" path="/Users/ritaaktay/Projects/squid-game/lib/cookieJar.js">
        <metrics statements="24" coveredstatements="24" conditionals="8" coveredconditionals="7" methods="6" coveredmethods="6"/>
        <line num="1" count="5" type="stmt"/>
        <line num="2" count="5" type="stmt"/>
        <line num="3" count="5" type="stmt"/>
        <line num="7" count="58" type="stmt"/>
        <line num="8" count="58" type="stmt"/>
        <line num="9" count="58" type="stmt"/>
        <line num="10" count="58" type="stmt"/>
        <line num="14" count="16" type="stmt"/>
        <line num="18" count="35" type="stmt"/>
        <line num="22" count="17" type="stmt"/>
        <line num="31" count="14" type="cond" truecount="2" falsecount="0"/>
        <line num="32" count="8" type="stmt"/>
        <line num="38" count="8" type="stmt"/>
        <line num="39" count="8" type="stmt"/>
        <line num="40" count="5" type="cond" truecount="2" falsecount="0"/>
        <line num="41" count="2" type="stmt"/>
        <line num="47" count="2" type="stmt"/>
        <line num="48" count="3" type="cond" truecount="1" falsecount="1"/>
        <line num="49" count="3" type="stmt"/>
        <line num="55" count="3" type="stmt"/>
        <line num="58" count="8" type="stmt"/>
        <line num="60" count="14" type="stmt"/>
        <line num="64" count="5" type="stmt"/>
        <line num="66" count="5" type="stmt"/>
      </file>
      <file name="game.js" path="/Users/ritaaktay/Projects/squid-game/lib/game.js">
        <metrics statements="28" coveredstatements="28" conditionals="8" coveredconditionals="8" methods="5" coveredmethods="5"/>
        <line num="1" count="1" type="stmt"/>
        <line num="5" count="8" type="stmt"/>
        <line num="6" count="8" type="stmt"/>
        <line num="7" count="8" type="stmt"/>
        <line num="8" count="8" type="stmt"/>
        <line num="17" count="7" type="stmt"/>
        <line num="25" count="8" type="stmt"/>
        <line num="27" count="4" type="stmt"/>
        <line num="28" count="4" type="stmt"/>
        <line num="29" count="4" type="cond" truecount="2" falsecount="0"/>
        <line num="30" count="3" type="stmt"/>
        <line num="32" count="1" type="stmt"/>
        <line num="34" count="1" type="stmt"/>
        <line num="43" count="7" type="stmt"/>
        <line num="45" count="13" type="cond" truecount="2" falsecount="0"/>
        <line num="46" count="4" type="stmt"/>
        <line num="47" count="4" type="cond" truecount="2" falsecount="0"/>
        <line num="49" count="12" type="stmt"/>
        <line num="50" count="12" type="stmt"/>
        <line num="52" count="7" type="stmt"/>
        <line num="56" count="8" type="stmt"/>
        <line num="58" count="15" type="cond" truecount="2" falsecount="0"/>
        <line num="59" count="7" type="stmt"/>
        <line num="60" count="7" type="stmt"/>
        <line num="63" count="8" type="stmt"/>
        <line num="64" count="8" type="stmt"/>
        <line num="65" count="8" type="stmt"/>
        <line num="69" count="1" type="stmt"/>
      </file>
      <file name="level.js" path="/Users/ritaaktay/Projects/squid-game/lib/level.js">
        <metrics statements="25" coveredstatements="25" conditionals="10" coveredconditionals="10" methods="5" coveredmethods="5"/>
        <line num="1" count="5" type="stmt"/>
        <line num="2" count="5" type="stmt"/>
        <line num="6" count="32" type="stmt"/>
        <line num="9" count="288" type="stmt"/>
        <line num="10" count="32" type="stmt"/>
        <line num="11" count="32" type="stmt"/>
        <line num="12" count="32" type="stmt"/>
        <line num="21" count="32" type="stmt"/>
        <line num="22" count="288" type="stmt"/>
        <line num="23" count="5184" type="stmt"/>
        <line num="24" count="5184" type="cond" truecount="2" falsecount="0"/>
        <line num="25" count="64" type="stmt"/>
        <line num="26" count="64" type="stmt"/>
        <line num="36" count="32" type="stmt"/>
        <line num="38" count="44" type="stmt"/>
        <line num="39" count="44" type="stmt"/>
        <line num="40" count="44" type="stmt"/>
        <line num="41" count="44" type="stmt"/>
        <line num="44" count="44" type="stmt"/>
        <line num="45" count="44" type="stmt"/>
        <line num="46" count="44" type="cond" truecount="4" falsecount="0"/>
        <line num="47" count="44" type="cond" truecount="2" falsecount="0"/>
        <line num="48" count="44" type="cond" truecount="2" falsecount="0"/>
        <line num="51" count="40" type="stmt"/>
        <line num="55" count="5" type="stmt"/>
      </file>
      <file name="levelCharTypes.js" path="/Users/ritaaktay/Projects/squid-game/lib/levelCharTypes.js">
        <metrics statements="4" coveredstatements="4" conditionals="0" coveredconditionals="0" methods="0" coveredmethods="0"/>
        <line num="1" count="5" type="stmt"/>
        <line num="2" count="5" type="stmt"/>
        <line num="4" count="5" type="stmt"/>
        <line num="10" count="5" type="stmt"/>
      </file>
      <file name="levelPlans.js" path="/Users/ritaaktay/Projects/squid-game/lib/levelPlans.js">
        <metrics statements="2" coveredstatements="2" conditionals="0" coveredconditionals="0" methods="0" coveredmethods="0"/>
        <line num="1" count="5" type="stmt"/>
        <line num="12" count="5" type="stmt"/>
      </file>
      <file name="player.js" path="/Users/ritaaktay/Projects/squid-game/lib/player.js">
        <metrics statements="22" coveredstatements="22" conditionals="12" coveredconditionals="12" methods="4" coveredmethods="4"/>
        <line num="1" count="5" type="stmt"/>
        <line num="5" count="66" type="stmt"/>
        <line num="6" count="66" type="stmt"/>
        <line num="7" count="66" type="stmt"/>
        <line num="11" count="38" type="stmt"/>
        <line num="15" count="43" type="stmt"/>
        <line num="33" count="21" type="stmt"/>
        <line num="34" count="21" type="cond" truecount="2" falsecount="0"/>
        <line num="35" count="21" type="cond" truecount="2" falsecount="0"/>
        <line num="39" count="21" type="stmt"/>
        <line num="40" count="21" type="cond" truecount="2" falsecount="0"/>
        <line num="41" count="21" type="cond" truecount="2" falsecount="0"/>
        <line num="43" count="21" type="stmt"/>
        <line num="44" count="21" type="stmt"/>
        <line num="46" count="21" type="cond" truecount="2" falsecount="0"/>
        <line num="47" count="19" type="stmt"/>
        <line num="49" count="21" type="stmt"/>
        <line num="51" count="21" type="cond" truecount="2" falsecount="0"/>
        <line num="52" count="20" type="stmt"/>
        <line num="54" count="21" type="stmt"/>
        <line num="58" count="5" type="stmt"/>
        <line num="60" count="5" type="stmt"/>
      </file>
      <file name="state.js" path="/Users/ritaaktay/Projects/squid-game/lib/state.js">
        <metrics statements="21" coveredstatements="21" conditionals="16" coveredconditionals="16" methods="8" coveredmethods="8"/>
        <line num="3" count="59" type="stmt"/>
        <line num="4" count="59" type="stmt"/>
        <line num="5" count="59" type="stmt"/>
        <line num="6" count="59" type="stmt"/>
        <line num="10" count="19" type="stmt"/>
        <line num="14" count="21" type="stmt"/>
        <line num="24" count="59" type="stmt"/>
        <line num="25" count="32" type="stmt"/>
        <line num="26" count="16" type="stmt"/>
        <line num="32" count="16" type="cond" truecount="2" falsecount="0"/>
        <line num="34" count="14" type="stmt"/>
        <line num="36" count="28" type="stmt"/>
        <line num="37" count="14" type="cond" truecount="2" falsecount="0"/>
        <line num="41" count="1" type="stmt"/>
        <line num="44" count="14" type="stmt"/>
        <line num="45" count="28" type="cond" truecount="4" falsecount="0"/>
        <line num="46" count="7" type="stmt"/>
        <line num="50" count="14" type="stmt"/>
        <line num="59" count="59" type="stmt"/>
        <line num="60" count="30" type="stmt"/>
        <line num="69" count="5" type="stmt"/>
      </file>
      <file name="vector.js" path="/Users/ritaaktay/Projects/squid-game/lib/vector.js">
        <metrics statements="5" coveredstatements="5" conditionals="0" coveredconditionals="0" methods="3" coveredmethods="3"/>
        <line num="3" count="318" type="stmt"/>
        <line num="4" count="318" type="stmt"/>
        <line num="7" count="44" type="stmt"/>
        <line num="10" count="2" type="stmt"/>
        <line num="14" count="6" type="stmt"/>
      </file>
    </package>
    <package name="test">
      <metrics statements="2" coveredstatements="2" conditionals="0" coveredconditionals="0" methods="0" coveredmethods="0"/>
      <file name="mockLevelPlan1.js" path="/Users/ritaaktay/Projects/squid-game/test/mockLevelPlan1.js">
        <metrics statements="2" coveredstatements="2" conditionals="0" coveredconditionals="0" methods="0" coveredmethods="0"/>
        <line num="1" count="1" type="stmt"/>
        <line num="12" count="1" type="stmt"/>
      </file>
    </package>
  </project>
</coverage>
