{"/Users/ritaaktay/Projects/squid-game/lib/DOMDisplay.js": {"path":"/Users/ritaaktay/Projects/squid-game/lib/DOMDisplay.js","statementMap":{"0":{"start":{"line":3,"column":4},"end":{"line":3,"column":20}},"1":{"start":{"line":4,"column":4},"end":{"line":8,"column":6}},"2":{"start":{"line":9,"column":4},"end":{"line":9,"column":27}},"3":{"start":{"line":10,"column":4},"end":{"line":10,"column":33}},"4":{"start":{"line":14,"column":4},"end":{"line":14,"column":22}},"5":{"start":{"line":18,"column":4},"end":{"line":18,"column":50}},"6":{"start":{"line":18,"column":25},"end":{"line":18,"column":50}},"7":{"start":{"line":19,"column":4},"end":{"line":19,"column":53}},"8":{"start":{"line":20,"column":4},"end":{"line":20,"column":42}},"9":{"start":{"line":21,"column":4},"end":{"line":21,"column":48}},"10":{"start":{"line":25,"column":4},"end":{"line":38,"column":6}},"11":{"start":{"line":32,"column":8},"end":{"line":36,"column":9}},"12":{"start":{"line":35,"column":31},"end":{"line":35,"column":74}},"13":{"start":{"line":42,"column":4},"end":{"line":55,"column":6}},"14":{"start":{"line":46,"column":19},"end":{"line":48,"column":10}},"15":{"start":{"line":49,"column":8},"end":{"line":49,"column":60}},"16":{"start":{"line":50,"column":8},"end":{"line":50,"column":61}},"17":{"start":{"line":51,"column":8},"end":{"line":51,"column":58}},"18":{"start":{"line":52,"column":8},"end":{"line":52,"column":57}},"19":{"start":{"line":53,"column":8},"end":{"line":53,"column":20}},"20":{"start":{"line":59,"column":14},"end":{"line":59,"column":42}},"21":{"start":{"line":60,"column":4},"end":{"line":62,"column":5}},"22":{"start":{"line":61,"column":6},"end":{"line":61,"column":42}},"23":{"start":{"line":63,"column":4},"end":{"line":65,"column":5}},"24":{"start":{"line":64,"column":6},"end":{"line":64,"column":29}},"25":{"start":{"line":66,"column":4},"end":{"line":66,"column":15}},"26":{"start":{"line":70,"column":0},"end":{"line":70,"column":28}}},"fnMap":{"0":{"name":"(anonymous_0)","decl":{"start":{"line":2,"column":2},"end":{"line":2,"column":3}},"loc":{"start":{"line":2,"column":29},"end":{"line":11,"column":3}},"line":2},"1":{"name":"(anonymous_1)","decl":{"start":{"line":13,"column":2},"end":{"line":13,"column":3}},"loc":{"start":{"line":13,"column":10},"end":{"line":15,"column":3}},"line":13},"2":{"name":"(anonymous_2)","decl":{"start":{"line":17,"column":2},"end":{"line":17,"column":3}},"loc":{"start":{"line":17,"column":19},"end":{"line":22,"column":3}},"line":17},"3":{"name":"(anonymous_3)","decl":{"start":{"line":31,"column":24},"end":{"line":31,"column":25}},"loc":{"start":{"line":32,"column":8},"end":{"line":36,"column":9}},"line":32},"4":{"name":"(anonymous_4)","decl":{"start":{"line":35,"column":21},"end":{"line":35,"column":22}},"loc":{"start":{"line":35,"column":31},"end":{"line":35,"column":74}},"line":35},"5":{"name":"(anonymous_5)","decl":{"start":{"line":45,"column":20},"end":{"line":45,"column":21}},"loc":{"start":{"line":45,"column":31},"end":{"line":54,"column":7}},"line":45}},"branchMap":{"0":{"loc":{"start":{"line":18,"column":4},"end":{"line":18,"column":50}},"type":"if","locations":[{"start":{"line":18,"column":4},"end":{"line":18,"column":50}},{"start":{},"end":{}}],"line":18}},"s":{"0":0,"1":0,"2":0,"3":0,"4":0,"5":0,"6":0,"7":0,"8":0,"9":0,"10":0,"11":0,"12":0,"13":0,"14":0,"15":0,"16":0,"17":0,"18":0,"19":0,"20":0,"21":0,"22":0,"23":0,"24":0,"25":0,"26":1},"f":{"0":0,"1":0,"2":0,"3":0,"4":0,"5":0},"b":{"0":[0,0]},"_coverageSchema":"1a1c01bbd47fc00a2c39e90264f33305004495a9","hash":"8a0f224fe3574ee588a0738a0f4912fd5f378845"}
,"/Users/ritaaktay/Projects/squid-game/lib/blockJumpGame.js": {"path":"/Users/ritaaktay/Projects/squid-game/lib/blockJumpGame.js","statementMap":{"0":{"start":{"line":3,"column":4},"end":{"line":3,"column":58}},"1":{"start":{"line":4,"column":4},"end":{"line":4,"column":50}},"2":{"start":{"line":5,"column":4},"end":{"line":5,"column":61}},"3":{"start":{"line":6,"column":4},"end":{"line":6,"column":63}},"4":{"start":{"line":7,"column":4},"end":{"line":7,"column":59}},"5":{"start":{"line":8,"column":4},"end":{"line":8,"column":57}},"6":{"start":{"line":9,"column":4},"end":{"line":9,"column":25}},"7":{"start":{"line":10,"column":4},"end":{"line":10,"column":18}},"8":{"start":{"line":13,"column":8},"end":{"line":18,"column":3}},"9":{"start":{"line":14,"column":4},"end":{"line":14,"column":23}},"10":{"start":{"line":15,"column":4},"end":{"line":15,"column":29}},"11":{"start":{"line":16,"column":4},"end":{"line":17,"column":15}},"12":{"start":{"line":20,"column":10},"end":{"line":22,"column":3}},"13":{"start":{"line":21,"column":4},"end":{"line":21,"column":60}},"14":{"start":{"line":24,"column":16},"end":{"line":39,"column":3}},"15":{"start":{"line":25,"column":4},"end":{"line":38,"column":11}},"16":{"start":{"line":26,"column":25},"end":{"line":28,"column":7}},"17":{"start":{"line":29,"column":22},"end":{"line":31,"column":7}},"18":{"start":{"line":32,"column":6},"end":{"line":37,"column":7}},"19":{"start":{"line":33,"column":8},"end":{"line":33,"column":39}},"20":{"start":{"line":34,"column":8},"end":{"line":34,"column":37}},"21":{"start":{"line":35,"column":8},"end":{"line":35,"column":33}},"22":{"start":{"line":36,"column":8},"end":{"line":36,"column":30}},"23":{"start":{"line":41,"column":9},"end":{"line":56,"column":3}},"24":{"start":{"line":42,"column":4},"end":{"line":52,"column":5}},"25":{"start":{"line":43,"column":6},"end":{"line":43,"column":46}},"26":{"start":{"line":44,"column":6},"end":{"line":44,"column":28}},"27":{"start":{"line":45,"column":6},"end":{"line":51,"column":7}},"28":{"start":{"line":46,"column":8},"end":{"line":50,"column":16}},"29":{"start":{"line":47,"column":10},"end":{"line":47,"column":41}},"30":{"start":{"line":48,"column":10},"end":{"line":48,"column":34}},"31":{"start":{"line":49,"column":10},"end":{"line":49,"column":31}},"32":{"start":{"line":53,"column":4},"end":{"line":55,"column":12}},"33":{"start":{"line":54,"column":6},"end":{"line":54,"column":49}},"34":{"start":{"line":59,"column":0},"end":{"line":59,"column":31}}},"fnMap":{"0":{"name":"(anonymous_0)","decl":{"start":{"line":2,"column":2},"end":{"line":2,"column":3}},"loc":{"start":{"line":2,"column":16},"end":{"line":11,"column":3}},"line":2},"1":{"name":"(anonymous_1)","decl":{"start":{"line":13,"column":8},"end":{"line":13,"column":9}},"loc":{"start":{"line":13,"column":22},"end":{"line":18,"column":3}},"line":13},"2":{"name":"(anonymous_2)","decl":{"start":{"line":20,"column":10},"end":{"line":20,"column":11}},"loc":{"start":{"line":20,"column":16},"end":{"line":22,"column":3}},"line":20},"3":{"name":"(anonymous_3)","decl":{"start":{"line":24,"column":16},"end":{"line":24,"column":17}},"loc":{"start":{"line":24,"column":22},"end":{"line":39,"column":3}},"line":24},"4":{"name":"(anonymous_4)","decl":{"start":{"line":25,"column":16},"end":{"line":25,"column":17}},"loc":{"start":{"line":25,"column":22},"end":{"line":38,"column":5}},"line":25},"5":{"name":"(anonymous_5)","decl":{"start":{"line":41,"column":9},"end":{"line":41,"column":10}},"loc":{"start":{"line":41,"column":15},"end":{"line":56,"column":3}},"line":41},"6":{"name":"(anonymous_6)","decl":{"start":{"line":46,"column":19},"end":{"line":46,"column":20}},"loc":{"start":{"line":46,"column":25},"end":{"line":50,"column":9}},"line":46},"7":{"name":"(anonymous_7)","decl":{"start":{"line":53,"column":15},"end":{"line":53,"column":16}},"loc":{"start":{"line":53,"column":27},"end":{"line":55,"column":5}},"line":53}},"branchMap":{"0":{"loc":{"start":{"line":32,"column":6},"end":{"line":37,"column":7}},"type":"if","locations":[{"start":{"line":32,"column":6},"end":{"line":37,"column":7}},{"start":{},"end":{}}],"line":32},"1":{"loc":{"start":{"line":32,"column":10},"end":{"line":32,"column":64}},"type":"binary-expr","locations":[{"start":{"line":32,"column":10},"end":{"line":32,"column":24}},{"start":{"line":32,"column":28},"end":{"line":32,"column":41}},{"start":{"line":32,"column":45},"end":{"line":32,"column":64}}],"line":32},"2":{"loc":{"start":{"line":42,"column":4},"end":{"line":52,"column":5}},"type":"if","locations":[{"start":{"line":42,"column":4},"end":{"line":52,"column":5}},{"start":{},"end":{}}],"line":42},"3":{"loc":{"start":{"line":45,"column":6},"end":{"line":51,"column":7}},"type":"if","locations":[{"start":{"line":45,"column":6},"end":{"line":51,"column":7}},{"start":{},"end":{}}],"line":45}},"s":{"0":11,"1":11,"2":11,"3":11,"4":11,"5":11,"6":11,"7":11,"8":11,"9":5,"10":5,"11":5,"12":11,"13":2,"14":11,"15":5,"16":1392,"17":1392,"18":1392,"19":4,"20":4,"21":4,"22":4,"23":11,"24":19,"25":12,"26":12,"27":12,"28":1,"29":1,"30":1,"31":1,"32":19,"33":17,"34":6},"f":{"0":11,"1":5,"2":2,"3":5,"4":1392,"5":19,"6":1,"7":17},"b":{"0":[4,1388],"1":[1392,4,4],"2":[12,7],"3":[1,11]},"_coverageSchema":"1a1c01bbd47fc00a2c39e90264f33305004495a9","hash":"b67d8d84d6eed4593c891ddf075a0ea3296ea226"}
,"/Users/ritaaktay/Projects/squid-game/lib/cookieJar.js": {"path":"/Users/ritaaktay/Projects/squid-game/lib/cookieJar.js","statementMap":{"0":{"start":{"line":1,"column":12},"end":{"line":1,"column":31}},"1":{"start":{"line":2,"column":22},"end":{"line":2,"column":48}},"2":{"start":{"line":3,"column":14},"end":{"line":3,"column":32}},"3":{"start":{"line":7,"column":4},"end":{"line":7,"column":19}},"4":{"start":{"line":8,"column":4},"end":{"line":8,"column":23}},"5":{"start":{"line":9,"column":4},"end":{"line":9,"column":37}},"6":{"start":{"line":10,"column":4},"end":{"line":10,"column":29}},"7":{"start":{"line":14,"column":4},"end":{"line":14,"column":23}},"8":{"start":{"line":18,"column":4},"end":{"line":18,"column":45}},"9":{"start":{"line":22,"column":4},"end":{"line":27,"column":6}},"10":{"start":{"line":31,"column":4},"end":{"line":59,"column":5}},"11":{"start":{"line":32,"column":6},"end":{"line":37,"column":8}},"12":{"start":{"line":38,"column":23},"end":{"line":38,"column":42}},"13":{"start":{"line":39,"column":31},"end":{"line":57,"column":7}},"14":{"start":{"line":40,"column":8},"end":{"line":56,"column":9}},"15":{"start":{"line":41,"column":25},"end":{"line":46,"column":11}},"16":{"start":{"line":47,"column":10},"end":{"line":47,"column":39}},"17":{"start":{"line":48,"column":15},"end":{"line":56,"column":9}},"18":{"start":{"line":49,"column":25},"end":{"line":54,"column":11}},"19":{"start":{"line":55,"column":10},"end":{"line":55,"column":39}},"20":{"start":{"line":58,"column":6},"end":{"line":58,"column":37}},"21":{"start":{"line":60,"column":4},"end":{"line":60,"column":29}},"22":{"start":{"line":64,"column":0},"end":{"line":64,"column":41}},"23":{"start":{"line":66,"column":0},"end":{"line":66,"column":27}}},"fnMap":{"0":{"name":"(anonymous_0)","decl":{"start":{"line":6,"column":2},"end":{"line":6,"column":3}},"loc":{"start":{"line":6,"column":73},"end":{"line":11,"column":3}},"line":6},"1":{"name":"(anonymous_1)","decl":{"start":{"line":13,"column":2},"end":{"line":13,"column":3}},"loc":{"start":{"line":13,"column":13},"end":{"line":15,"column":3}},"line":13},"2":{"name":"(anonymous_2)","decl":{"start":{"line":17,"column":2},"end":{"line":17,"column":3}},"loc":{"start":{"line":17,"column":21},"end":{"line":19,"column":3}},"line":17},"3":{"name":"(anonymous_3)","decl":{"start":{"line":21,"column":2},"end":{"line":21,"column":3}},"loc":{"start":{"line":21,"column":28},"end":{"line":28,"column":3}},"line":21},"4":{"name":"(anonymous_4)","decl":{"start":{"line":30,"column":2},"end":{"line":30,"column":3}},"loc":{"start":{"line":30,"column":17},"end":{"line":61,"column":3}},"line":30},"5":{"name":"(anonymous_5)","decl":{"start":{"line":39,"column":31},"end":{"line":39,"column":32}},"loc":{"start":{"line":39,"column":43},"end":{"line":57,"column":7}},"line":39}},"branchMap":{"0":{"loc":{"start":{"line":6,"column":26},"end":{"line":6,"column":45}},"type":"default-arg","locations":[{"start":{"line":6,"column":41},"end":{"line":6,"column":45}}],"line":6},"1":{"loc":{"start":{"line":6,"column":47},"end":{"line":6,"column":71}},"type":"default-arg","locations":[{"start":{"line":6,"column":58},"end":{"line":6,"column":71}}],"line":6},"2":{"loc":{"start":{"line":31,"column":4},"end":{"line":59,"column":5}},"type":"if","locations":[{"start":{"line":31,"column":4},"end":{"line":59,"column":5}},{"start":{},"end":{}}],"line":31},"3":{"loc":{"start":{"line":40,"column":8},"end":{"line":56,"column":9}},"type":"if","locations":[{"start":{"line":40,"column":8},"end":{"line":56,"column":9}},{"start":{"line":48,"column":15},"end":{"line":56,"column":9}}],"line":40},"4":{"loc":{"start":{"line":48,"column":15},"end":{"line":56,"column":9}},"type":"if","locations":[{"start":{"line":48,"column":15},"end":{"line":56,"column":9}},{"start":{},"end":{}}],"line":48}},"s":{"0":5,"1":5,"2":5,"3":45,"4":45,"5":45,"6":45,"7":15,"8":28,"9":16,"10":9,"11":5,"12":5,"13":5,"14":4,"15":1,"16":1,"17":3,"18":2,"19":2,"20":5,"21":9,"22":5,"23":5},"f":{"0":45,"1":15,"2":28,"3":16,"4":9,"5":4},"b":{"0":[28],"1":[28],"2":[5,4],"3":[1,3],"4":[2,1]},"_coverageSchema":"1a1c01bbd47fc00a2c39e90264f33305004495a9","hash":"a22635d64ce550d4800f598571c63e484fb35bcd"}
,"/Users/ritaaktay/Projects/squid-game/lib/game.js": {"path":"/Users/ritaaktay/Projects/squid-game/lib/game.js","statementMap":{"0":{"start":{"line":1,"column":14},"end":{"line":1,"column":32}},"1":{"start":{"line":5,"column":4},"end":{"line":5,"column":23}},"2":{"start":{"line":6,"column":4},"end":{"line":6,"column":53}},"3":{"start":{"line":7,"column":4},"end":{"line":7,"column":36}},"4":{"start":{"line":8,"column":4},"end":{"line":13,"column":7}},"5":{"start":{"line":17,"column":4},"end":{"line":17,"column":42}},"6":{"start":{"line":25,"column":17},"end":{"line":36,"column":3}},"7":{"start":{"line":27,"column":4},"end":{"line":27,"column":64}},"8":{"start":{"line":28,"column":4},"end":{"line":28,"column":39}},"9":{"start":{"line":29,"column":4},"end":{"line":35,"column":5}},"10":{"start":{"line":30,"column":6},"end":{"line":30,"column":18}},"11":{"start":{"line":32,"column":6},"end":{"line":32,"column":27}},"12":{"start":{"line":34,"column":6},"end":{"line":34,"column":19}},"13":{"start":{"line":43,"column":19},"end":{"line":43,"column":23}},"14":{"start":{"line":45,"column":6},"end":{"line":48,"column":7}},"15":{"start":{"line":46,"column":23},"end":{"line":46,"column":60}},"16":{"start":{"line":47,"column":8},"end":{"line":47,"column":52}},"17":{"start":{"line":47,"column":45},"end":{"line":47,"column":52}},"18":{"start":{"line":49,"column":6},"end":{"line":49,"column":22}},"19":{"start":{"line":50,"column":6},"end":{"line":50,"column":35}},"20":{"start":{"line":52,"column":4},"end":{"line":52,"column":33}},"21":{"start":{"line":56,"column":15},"end":{"line":56,"column":34}},"22":{"start":{"line":58,"column":6},"end":{"line":61,"column":7}},"23":{"start":{"line":59,"column":8},"end":{"line":59,"column":50}},"24":{"start":{"line":60,"column":8},"end":{"line":60,"column":31}},"25":{"start":{"line":63,"column":4},"end":{"line":63,"column":46}},"26":{"start":{"line":64,"column":4},"end":{"line":64,"column":44}},"27":{"start":{"line":65,"column":4},"end":{"line":65,"column":16}},"28":{"start":{"line":69,"column":0},"end":{"line":69,"column":22}}},"fnMap":{"0":{"name":"(anonymous_0)","decl":{"start":{"line":4,"column":2},"end":{"line":4,"column":3}},"loc":{"start":{"line":4,"column":30},"end":{"line":14,"column":3}},"line":4},"1":{"name":"(anonymous_1)","decl":{"start":{"line":16,"column":2},"end":{"line":16,"column":3}},"loc":{"start":{"line":16,"column":8},"end":{"line":18,"column":3}},"line":16},"2":{"name":"(anonymous_2)","decl":{"start":{"line":25,"column":17},"end":{"line":25,"column":18}},"loc":{"start":{"line":25,"column":27},"end":{"line":36,"column":3}},"line":25},"3":{"name":"frame","decl":{"start":{"line":44,"column":13},"end":{"line":44,"column":18}},"loc":{"start":{"line":44,"column":25},"end":{"line":51,"column":5}},"line":44},"4":{"name":"track","decl":{"start":{"line":57,"column":13},"end":{"line":57,"column":18}},"loc":{"start":{"line":57,"column":26},"end":{"line":62,"column":5}},"line":57}},"branchMap":{"0":{"loc":{"start":{"line":29,"column":4},"end":{"line":35,"column":5}},"type":"if","locations":[{"start":{"line":29,"column":4},"end":{"line":35,"column":5}},{"start":{"line":31,"column":11},"end":{"line":35,"column":5}}],"line":29},"1":{"loc":{"start":{"line":45,"column":6},"end":{"line":48,"column":7}},"type":"if","locations":[{"start":{"line":45,"column":6},"end":{"line":48,"column":7}},{"start":{},"end":{}}],"line":45},"2":{"loc":{"start":{"line":47,"column":8},"end":{"line":47,"column":52}},"type":"if","locations":[{"start":{"line":47,"column":8},"end":{"line":47,"column":52}},{"start":{},"end":{}}],"line":47},"3":{"loc":{"start":{"line":58,"column":6},"end":{"line":61,"column":7}},"type":"if","locations":[{"start":{"line":58,"column":6},"end":{"line":61,"column":7}},{"start":{},"end":{}}],"line":58}},"s":{"0":1,"1":8,"2":8,"3":8,"4":8,"5":7,"6":8,"7":4,"8":4,"9":4,"10":3,"11":1,"12":1,"13":7,"14":13,"15":4,"16":4,"17":1,"18":12,"19":12,"20":7,"21":8,"22":15,"23":7,"24":7,"25":8,"26":8,"27":8,"28":1},"f":{"0":8,"1":7,"2":4,"3":13,"4":15},"b":{"0":[3,1],"1":[4,9],"2":[1,3],"3":[7,8]},"_coverageSchema":"1a1c01bbd47fc00a2c39e90264f33305004495a9","hash":"c273ce7f361f5844d9b6747db6675787ce79c82b"}
,"/Users/ritaaktay/Projects/squid-game/lib/level.js": {"path":"/Users/ritaaktay/Projects/squid-game/lib/level.js","statementMap":{"0":{"start":{"line":1,"column":12},"end":{"line":1,"column":31}},"1":{"start":{"line":2,"column":23},"end":{"line":2,"column":50}},"2":{"start":{"line":6,"column":15},"end":{"line":9,"column":25}},"3":{"start":{"line":9,"column":18},"end":{"line":9,"column":24}},"4":{"start":{"line":10,"column":4},"end":{"line":10,"column":30}},"5":{"start":{"line":11,"column":4},"end":{"line":11,"column":32}},"6":{"start":{"line":12,"column":4},"end":{"line":12,"column":26}},"7":{"start":{"line":21,"column":4},"end":{"line":28,"column":7}},"8":{"start":{"line":22,"column":6},"end":{"line":27,"column":9}},"9":{"start":{"line":23,"column":19},"end":{"line":23,"column":37}},"10":{"start":{"line":24,"column":8},"end":{"line":24,"column":49}},"11":{"start":{"line":24,"column":37},"end":{"line":24,"column":49}},"12":{"start":{"line":25,"column":8},"end":{"line":25,"column":58}},"13":{"start":{"line":26,"column":8},"end":{"line":26,"column":23}},"14":{"start":{"line":36,"column":19},"end":{"line":52,"column":3}},"15":{"start":{"line":38,"column":17},"end":{"line":38,"column":34}},"16":{"start":{"line":39,"column":15},"end":{"line":39,"column":40}},"17":{"start":{"line":40,"column":17},"end":{"line":40,"column":34}},"18":{"start":{"line":41,"column":15},"end":{"line":41,"column":40}},"19":{"start":{"line":44,"column":4},"end":{"line":50,"column":5}},"20":{"start":{"line":44,"column":17},"end":{"line":44,"column":23}},"21":{"start":{"line":45,"column":6},"end":{"line":49,"column":7}},"22":{"start":{"line":45,"column":19},"end":{"line":45,"column":25}},"23":{"start":{"line":46,"column":24},"end":{"line":46,"column":77}},"24":{"start":{"line":47,"column":19},"end":{"line":47,"column":55}},"25":{"start":{"line":48,"column":8},"end":{"line":48,"column":38}},"26":{"start":{"line":48,"column":26},"end":{"line":48,"column":38}},"27":{"start":{"line":51,"column":4},"end":{"line":51,"column":17}},"28":{"start":{"line":55,"column":0},"end":{"line":55,"column":23}}},"fnMap":{"0":{"name":"(anonymous_0)","decl":{"start":{"line":5,"column":2},"end":{"line":5,"column":3}},"loc":{"start":{"line":5,"column":20},"end":{"line":29,"column":3}},"line":5},"1":{"name":"(anonymous_1)","decl":{"start":{"line":9,"column":11},"end":{"line":9,"column":12}},"loc":{"start":{"line":9,"column":18},"end":{"line":9,"column":24}},"line":9},"2":{"name":"(anonymous_2)","decl":{"start":{"line":21,"column":25},"end":{"line":21,"column":26}},"loc":{"start":{"line":21,"column":37},"end":{"line":28,"column":5}},"line":21},"3":{"name":"(anonymous_3)","decl":{"start":{"line":22,"column":21},"end":{"line":22,"column":22}},"loc":{"start":{"line":22,"column":32},"end":{"line":27,"column":7}},"line":22},"4":{"name":"(anonymous_4)","decl":{"start":{"line":36,"column":19},"end":{"line":36,"column":20}},"loc":{"start":{"line":36,"column":46},"end":{"line":52,"column":3}},"line":36}},"branchMap":{"0":{"loc":{"start":{"line":24,"column":8},"end":{"line":24,"column":49}},"type":"if","locations":[{"start":{"line":24,"column":8},"end":{"line":24,"column":49}},{"start":{},"end":{}}],"line":24},"1":{"loc":{"start":{"line":46,"column":24},"end":{"line":46,"column":77}},"type":"binary-expr","locations":[{"start":{"line":46,"column":24},"end":{"line":46,"column":29}},{"start":{"line":46,"column":33},"end":{"line":46,"column":48}},{"start":{"line":46,"column":52},"end":{"line":46,"column":57}},{"start":{"line":46,"column":61},"end":{"line":46,"column":77}}],"line":46},"2":{"loc":{"start":{"line":47,"column":19},"end":{"line":47,"column":55}},"type":"cond-expr","locations":[{"start":{"line":47,"column":31},"end":{"line":47,"column":37}},{"start":{"line":47,"column":40},"end":{"line":47,"column":55}}],"line":47},"3":{"loc":{"start":{"line":48,"column":8},"end":{"line":48,"column":38}},"type":"if","locations":[{"start":{"line":48,"column":8},"end":{"line":48,"column":38}},{"start":{},"end":{}}],"line":48}},"s":{"0":5,"1":5,"2":28,"3":252,"4":28,"5":28,"6":28,"7":28,"8":252,"9":4536,"10":4536,"11":4480,"12":56,"13":56,"14":28,"15":44,"16":44,"17":44,"18":44,"19":44,"20":44,"21":44,"22":44,"23":44,"24":44,"25":44,"26":4,"27":40,"28":5},"f":{"0":28,"1":252,"2":252,"3":4536,"4":44},"b":{"0":[4480,56],"1":[44,42,42,42],"2":[4,40],"3":[4,40]},"_coverageSchema":"1a1c01bbd47fc00a2c39e90264f33305004495a9","hash":"bf7c5f7c6026e71571b6b913670f2f6298553b8a"}
,"/Users/ritaaktay/Projects/squid-game/lib/levelCharTypes.js": {"path":"/Users/ritaaktay/Projects/squid-game/lib/levelCharTypes.js","statementMap":{"0":{"start":{"line":1,"column":15},"end":{"line":1,"column":34}},"1":{"start":{"line":2,"column":18},"end":{"line":2,"column":40}},"2":{"start":{"line":4,"column":23},"end":{"line":8,"column":1}},"3":{"start":{"line":10,"column":0},"end":{"line":10,"column":32}}},"fnMap":{},"branchMap":{},"s":{"0":5,"1":5,"2":5,"3":5},"f":{},"b":{},"_coverageSchema":"1a1c01bbd47fc00a2c39e90264f33305004495a9","hash":"de4d940c89004bea590cbf44cb90959750e0b585"}
,"/Users/ritaaktay/Projects/squid-game/lib/levelPlans.js": {"path":"/Users/ritaaktay/Projects/squid-game/lib/levelPlans.js","statementMap":{"0":{"start":{"line":1,"column":21},"end":{"line":10,"column":19}},"1":{"start":{"line":12,"column":0},"end":{"line":12,"column":32}}},"fnMap":{},"branchMap":{},"s":{"0":5,"1":5},"f":{},"b":{},"_coverageSchema":"1a1c01bbd47fc00a2c39e90264f33305004495a9","hash":"317a7a2cc1111c7705ff03a32824dc43467a19f3"}
,"/Users/ritaaktay/Projects/squid-game/lib/player.js": {"path":"/Users/ritaaktay/Projects/squid-game/lib/player.js","statementMap":{"0":{"start":{"line":1,"column":12},"end":{"line":1,"column":31}},"1":{"start":{"line":5,"column":4},"end":{"line":5,"column":19}},"2":{"start":{"line":6,"column":4},"end":{"line":6,"column":23}},"3":{"start":{"line":7,"column":4},"end":{"line":7,"column":21}},"4":{"start":{"line":11,"column":4},"end":{"line":11,"column":20}},"5":{"start":{"line":15,"column":4},"end":{"line":15,"column":42}},"6":{"start":{"line":33,"column":17},"end":{"line":33,"column":18}},"7":{"start":{"line":34,"column":4},"end":{"line":34,"column":47}},"8":{"start":{"line":34,"column":24},"end":{"line":34,"column":47}},"9":{"start":{"line":35,"column":4},"end":{"line":35,"column":48}},"10":{"start":{"line":35,"column":25},"end":{"line":35,"column":48}},"11":{"start":{"line":39,"column":17},"end":{"line":39,"column":18}},"12":{"start":{"line":40,"column":4},"end":{"line":40,"column":45}},"13":{"start":{"line":40,"column":22},"end":{"line":40,"column":45}},"14":{"start":{"line":41,"column":4},"end":{"line":41,"column":47}},"15":{"start":{"line":41,"column":24},"end":{"line":41,"column":47}},"16":{"start":{"line":43,"column":14},"end":{"line":43,"column":22}},"17":{"start":{"line":44,"column":17},"end":{"line":44,"column":52}},"18":{"start":{"line":46,"column":4},"end":{"line":48,"column":5}},"19":{"start":{"line":47,"column":6},"end":{"line":47,"column":19}},"20":{"start":{"line":49,"column":17},"end":{"line":49,"column":52}},"21":{"start":{"line":51,"column":4},"end":{"line":53,"column":5}},"22":{"start":{"line":52,"column":6},"end":{"line":52,"column":19}},"23":{"start":{"line":54,"column":4},"end":{"line":54,"column":52}},"24":{"start":{"line":58,"column":0},"end":{"line":58,"column":38}},"25":{"start":{"line":60,"column":0},"end":{"line":60,"column":24}}},"fnMap":{"0":{"name":"(anonymous_0)","decl":{"start":{"line":4,"column":2},"end":{"line":4,"column":3}},"loc":{"start":{"line":4,"column":26},"end":{"line":8,"column":3}},"line":4},"1":{"name":"(anonymous_1)","decl":{"start":{"line":10,"column":2},"end":{"line":10,"column":3}},"loc":{"start":{"line":10,"column":13},"end":{"line":12,"column":3}},"line":10},"2":{"name":"(anonymous_2)","decl":{"start":{"line":14,"column":2},"end":{"line":14,"column":3}},"loc":{"start":{"line":14,"column":21},"end":{"line":16,"column":3}},"line":14},"3":{"name":"(anonymous_3)","decl":{"start":{"line":30,"column":2},"end":{"line":30,"column":3}},"loc":{"start":{"line":30,"column":28},"end":{"line":55,"column":3}},"line":30}},"branchMap":{"0":{"loc":{"start":{"line":34,"column":4},"end":{"line":34,"column":47}},"type":"if","locations":[{"start":{"line":34,"column":4},"end":{"line":34,"column":47}},{"start":{},"end":{}}],"line":34},"1":{"loc":{"start":{"line":35,"column":4},"end":{"line":35,"column":48}},"type":"if","locations":[{"start":{"line":35,"column":4},"end":{"line":35,"column":48}},{"start":{},"end":{}}],"line":35},"2":{"loc":{"start":{"line":40,"column":4},"end":{"line":40,"column":45}},"type":"if","locations":[{"start":{"line":40,"column":4},"end":{"line":40,"column":45}},{"start":{},"end":{}}],"line":40},"3":{"loc":{"start":{"line":41,"column":4},"end":{"line":41,"column":47}},"type":"if","locations":[{"start":{"line":41,"column":4},"end":{"line":41,"column":47}},{"start":{},"end":{}}],"line":41},"4":{"loc":{"start":{"line":46,"column":4},"end":{"line":48,"column":5}},"type":"if","locations":[{"start":{"line":46,"column":4},"end":{"line":48,"column":5}},{"start":{},"end":{}}],"line":46},"5":{"loc":{"start":{"line":51,"column":4},"end":{"line":53,"column":5}},"type":"if","locations":[{"start":{"line":51,"column":4},"end":{"line":53,"column":5}},{"start":{},"end":{}}],"line":51}},"s":{"0":5,"1":62,"2":62,"3":62,"4":38,"5":39,"6":21,"7":21,"8":2,"9":21,"10":6,"11":21,"12":21,"13":1,"14":21,"15":2,"16":21,"17":21,"18":21,"19":19,"20":21,"21":21,"22":20,"23":21,"24":5,"25":5},"f":{"0":62,"1":38,"2":39,"3":21},"b":{"0":[2,19],"1":[6,15],"2":[1,20],"3":[2,19],"4":[19,2],"5":[20,1]},"_coverageSchema":"1a1c01bbd47fc00a2c39e90264f33305004495a9","hash":"7f819ea09fb8629be350e66f134765550eb6005f"}
,"/Users/ritaaktay/Projects/squid-game/lib/state.js": {"path":"/Users/ritaaktay/Projects/squid-game/lib/state.js","statementMap":{"0":{"start":{"line":3,"column":4},"end":{"line":3,"column":23}},"1":{"start":{"line":4,"column":4},"end":{"line":4,"column":25}},"2":{"start":{"line":5,"column":4},"end":{"line":5,"column":25}},"3":{"start":{"line":6,"column":4},"end":{"line":6,"column":41}},"4":{"start":{"line":10,"column":4},"end":{"line":10,"column":58}},"5":{"start":{"line":14,"column":4},"end":{"line":14,"column":55}},"6":{"start":{"line":14,"column":35},"end":{"line":14,"column":53}},"7":{"start":{"line":24,"column":11},"end":{"line":51,"column":3}},"8":{"start":{"line":25,"column":17},"end":{"line":25,"column":75}},"9":{"start":{"line":25,"column":44},"end":{"line":25,"column":74}},"10":{"start":{"line":26,"column":19},"end":{"line":31,"column":5}},"11":{"start":{"line":32,"column":4},"end":{"line":32,"column":54}},"12":{"start":{"line":32,"column":38},"end":{"line":32,"column":54}},"13":{"start":{"line":34,"column":17},"end":{"line":34,"column":32}},"14":{"start":{"line":36,"column":22},"end":{"line":36,"column":76}},"15":{"start":{"line":36,"column":50},"end":{"line":36,"column":75}},"16":{"start":{"line":37,"column":4},"end":{"line":42,"column":5}},"17":{"start":{"line":41,"column":6},"end":{"line":41,"column":37}},"18":{"start":{"line":44,"column":4},"end":{"line":48,"column":5}},"19":{"start":{"line":45,"column":6},"end":{"line":47,"column":7}},"20":{"start":{"line":46,"column":8},"end":{"line":46,"column":43}},"21":{"start":{"line":50,"column":4},"end":{"line":50,"column":20}},"22":{"start":{"line":59,"column":12},"end":{"line":66,"column":3}},"23":{"start":{"line":60,"column":4},"end":{"line":65,"column":6}},"24":{"start":{"line":69,"column":0},"end":{"line":69,"column":23}}},"fnMap":{"0":{"name":"(anonymous_0)","decl":{"start":{"line":2,"column":2},"end":{"line":2,"column":3}},"loc":{"start":{"line":2,"column":60},"end":{"line":7,"column":3}},"line":2},"1":{"name":"(anonymous_1)","decl":{"start":{"line":9,"column":2},"end":{"line":9,"column":3}},"loc":{"start":{"line":9,"column":22},"end":{"line":11,"column":3}},"line":9},"2":{"name":"(anonymous_2)","decl":{"start":{"line":13,"column":2},"end":{"line":13,"column":3}},"loc":{"start":{"line":13,"column":15},"end":{"line":15,"column":3}},"line":13},"3":{"name":"(anonymous_3)","decl":{"start":{"line":14,"column":28},"end":{"line":14,"column":29}},"loc":{"start":{"line":14,"column":35},"end":{"line":14,"column":53}},"line":14},"4":{"name":"(anonymous_4)","decl":{"start":{"line":24,"column":11},"end":{"line":24,"column":12}},"loc":{"start":{"line":24,"column":33},"end":{"line":51,"column":3}},"line":24},"5":{"name":"(anonymous_5)","decl":{"start":{"line":25,"column":33},"end":{"line":25,"column":34}},"loc":{"start":{"line":25,"column":44},"end":{"line":25,"column":74}},"line":25},"6":{"name":"(anonymous_6)","decl":{"start":{"line":36,"column":39},"end":{"line":36,"column":40}},"loc":{"start":{"line":36,"column":50},"end":{"line":36,"column":75}},"line":36},"7":{"name":"(anonymous_7)","decl":{"start":{"line":59,"column":12},"end":{"line":59,"column":13}},"loc":{"start":{"line":59,"column":38},"end":{"line":66,"column":3}},"line":59}},"branchMap":{"0":{"loc":{"start":{"line":2,"column":37},"end":{"line":2,"column":58}},"type":"default-arg","locations":[{"start":{"line":2,"column":54},"end":{"line":2,"column":58}}],"line":2},"1":{"loc":{"start":{"line":32,"column":4},"end":{"line":32,"column":54}},"type":"if","locations":[{"start":{"line":32,"column":4},"end":{"line":32,"column":54}},{"start":{},"end":{}}],"line":32},"2":{"loc":{"start":{"line":37,"column":4},"end":{"line":42,"column":5}},"type":"if","locations":[{"start":{"line":37,"column":4},"end":{"line":42,"column":5}},{"start":{},"end":{}}],"line":37},"3":{"loc":{"start":{"line":38,"column":6},"end":{"line":39,"column":77}},"type":"binary-expr","locations":[{"start":{"line":38,"column":6},"end":{"line":38,"column":38}},{"start":{"line":39,"column":7},"end":{"line":39,"column":39}},{"start":{"line":39,"column":43},"end":{"line":39,"column":76}}],"line":38},"4":{"loc":{"start":{"line":45,"column":6},"end":{"line":47,"column":7}},"type":"if","locations":[{"start":{"line":45,"column":6},"end":{"line":47,"column":7}},{"start":{},"end":{}}],"line":45},"5":{"loc":{"start":{"line":45,"column":10},"end":{"line":45,"column":56}},"type":"binary-expr","locations":[{"start":{"line":45,"column":10},"end":{"line":45,"column":25}},{"start":{"line":45,"column":29},"end":{"line":45,"column":56}}],"line":45},"6":{"loc":{"start":{"line":61,"column":6},"end":{"line":64,"column":49}},"type":"binary-expr","locations":[{"start":{"line":61,"column":6},"end":{"line":61,"column":49}},{"start":{"line":62,"column":6},"end":{"line":62,"column":49}},{"start":{"line":63,"column":6},"end":{"line":63,"column":49}},{"start":{"line":64,"column":6},"end":{"line":64,"column":49}}],"line":61}},"s":{"0":50,"1":50,"2":50,"3":50,"4":19,"5":21,"6":21,"7":50,"8":16,"9":32,"10":16,"11":16,"12":2,"13":14,"14":14,"15":28,"16":14,"17":1,"18":14,"19":28,"20":7,"21":14,"22":50,"23":30,"24":5},"f":{"0":50,"1":19,"2":21,"3":21,"4":16,"5":32,"6":28,"7":30},"b":{"0":[26],"1":[2,14],"2":[1,13],"3":[14,7,6],"4":[7,21],"5":[28,14],"6":[30,27,15,15]},"_coverageSchema":"1a1c01bbd47fc00a2c39e90264f33305004495a9","hash":"8f23c0a88bf039e89049a74ddfe7dcd7728da30e"}
,"/Users/ritaaktay/Projects/squid-game/lib/vector.js": {"path":"/Users/ritaaktay/Projects/squid-game/lib/vector.js","statementMap":{"0":{"start":{"line":3,"column":4},"end":{"line":3,"column":15}},"1":{"start":{"line":4,"column":4},"end":{"line":4,"column":15}},"2":{"start":{"line":7,"column":4},"end":{"line":7,"column":55}},"3":{"start":{"line":10,"column":4},"end":{"line":10,"column":53}},"4":{"start":{"line":14,"column":0},"end":{"line":14,"column":21}}},"fnMap":{"0":{"name":"(anonymous_0)","decl":{"start":{"line":2,"column":2},"end":{"line":2,"column":3}},"loc":{"start":{"line":2,"column":20},"end":{"line":5,"column":3}},"line":2},"1":{"name":"(anonymous_1)","decl":{"start":{"line":6,"column":2},"end":{"line":6,"column":3}},"loc":{"start":{"line":6,"column":14},"end":{"line":8,"column":3}},"line":6},"2":{"name":"(anonymous_2)","decl":{"start":{"line":9,"column":2},"end":{"line":9,"column":3}},"loc":{"start":{"line":9,"column":16},"end":{"line":11,"column":3}},"line":9}},"branchMap":{},"s":{"0":283,"1":283,"2":44,"3":2,"4":6},"f":{"0":283,"1":44,"2":2},"b":{},"_coverageSchema":"1a1c01bbd47fc00a2c39e90264f33305004495a9","hash":"e4f1bb89017bdebf27653275e96999b4b9e3d4d9"}
,"/Users/ritaaktay/Projects/squid-game/test/mockLevelPlan1.js": {"path":"/Users/ritaaktay/Projects/squid-game/test/mockLevelPlan1.js","statementMap":{"0":{"start":{"line":1,"column":22},"end":{"line":10,"column":19}},"1":{"start":{"line":12,"column":0},"end":{"line":12,"column":31}}},"fnMap":{},"branchMap":{},"s":{"0":1,"1":1},"f":{},"b":{},"_coverageSchema":"1a1c01bbd47fc00a2c39e90264f33305004495a9","hash":"61a398ac5bcfd9f76fb376b062ea038499ca77a1"}
}
