TN:
SF:lib/blockJumpGame.js
FN:2,(anonymous_0)
FN:10,(anonymous_1)
FN:21,(anonymous_2)
FN:29,(anonymous_3)
FN:39,(anonymous_4)
FN:44,(anonymous_5)
FN:48,(anonymous_6)
FN:49,(anonymous_7)
FN:64,(anonymous_8)
FN:72,(anonymous_9)
FN:79,(anonymous_10)
FNF:11
FNH:11
FNDA:11,(anonymous_0)
FNDA:9,(anonymous_1)
FNDA:9,(anonymous_2)
FNDA:10,(anonymous_3)
FNDA:6,(anonymous_4)
FNDA:30,(anonymous_5)
FNDA:9,(anonymous_6)
FNDA:1045,(anonymous_7)
FNDA:25,(anonymous_8)
FNDA:1,(anonymous_9)
FNDA:23,(anonymous_10)
DA:3,11
DA:4,11
DA:5,11
DA:6,11
DA:7,11
DA:10,11
DA:11,9
DA:12,9
DA:13,9
DA:16,9
DA:17,9
DA:21,11
DA:22,9
DA:23,9
DA:24,9
DA:25,9
DA:26,9
DA:29,11
DA:30,10
DA:31,1
DA:32,1
DA:34,10
DA:35,9
DA:39,11
DA:40,6
DA:41,6
DA:44,11
DA:45,30
DA:48,11
DA:49,9
DA:50,1045
DA:53,1045
DA:56,1045
DA:57,8
DA:58,8
DA:59,8
DA:64,11
DA:65,25
DA:66,13
DA:67,13
DA:68,12
DA:69,12
DA:71,13
DA:72,1
DA:73,1
DA:74,1
DA:75,1
DA:79,25
DA:80,23
DA:85,8
LF:50
LH:50
BRDA:30,0,0,1
BRDA:30,0,1,9
BRDA:34,1,0,9
BRDA:34,1,1,1
BRDA:56,2,0,8
BRDA:56,2,1,1037
BRDA:56,3,0,1045
BRDA:56,3,1,8
BRDA:56,3,2,8
BRDA:65,4,0,13
BRDA:65,4,1,12
BRDA:67,5,0,12
BRDA:67,5,1,1
BRDA:71,6,0,1
BRDA:71,6,1,12
BRF:15
BRH:15
end_of_record
TN:
SF:lib/cookieJar1.js
FN:6,(anonymous_0)
FN:13,(anonymous_1)
FN:17,(anonymous_2)
FN:21,(anonymous_3)
FN:30,(anonymous_4)
FN:41,(anonymous_5)
FNF:6
FNH:6
FNDA:56,(anonymous_0)
FNDA:17,(anonymous_1)
FNDA:33,(anonymous_2)
FNDA:16,(anonymous_3)
FNDA:16,(anonymous_4)
FNDA:6,(anonymous_5)
DA:1,7
DA:2,7
DA:3,7
DA:7,56
DA:8,56
DA:9,56
DA:10,56
DA:14,17
DA:18,33
DA:22,16
DA:31,16
DA:32,9
DA:40,9
DA:41,9
DA:42,6
DA:43,2
DA:51,2
DA:52,4
DA:53,3
DA:61,3
DA:62,3
DA:65,9
DA:67,16
DA:71,7
DA:73,7
LF:25
LH:25
BRDA:6,0,0,35
BRDA:6,1,0,35
BRDA:31,2,0,9
BRDA:31,2,1,7
BRDA:42,3,0,2
BRDA:42,3,1,4
BRDA:52,4,0,3
BRDA:52,4,1,1
BRF:8
BRH:8
end_of_record
TN:
SF:lib/cookieJar2.js
FN:6,(anonymous_0)
FN:13,(anonymous_1)
FN:17,(anonymous_2)
FN:21,(anonymous_3)
FN:30,(anonymous_4)
FN:41,(anonymous_5)
FNF:6
FNH:6
FNDA:56,(anonymous_0)
FNDA:54,(anonymous_1)
FNDA:33,(anonymous_2)
FNDA:16,(anonymous_3)
FNDA:9,(anonymous_4)
FNDA:3,(anonymous_5)
DA:1,7
DA:2,7
DA:3,7
DA:7,56
DA:8,56
DA:9,56
DA:10,56
DA:14,54
DA:18,33
DA:22,16
DA:31,9
DA:32,5
DA:40,5
DA:41,5
DA:42,3
DA:43,1
DA:51,1
DA:52,2
DA:53,1
DA:61,1
DA:62,1
DA:65,5
DA:67,9
DA:71,7
DA:73,7
LF:25
LH:25
BRDA:6,0,0,35
BRDA:6,1,0,35
BRDA:31,2,0,5
BRDA:31,2,1,4
BRDA:42,3,0,1
BRDA:42,3,1,2
BRDA:52,4,0,1
BRDA:52,4,1,1
BRF:8
BRH:8
end_of_record
TN:
SF:lib/cookieMonster.js
FN:6,(anonymous_0)
FN:11,(anonymous_1)
FN:15,(anonymous_2)
FN:19,(anonymous_3)
FN:23,(anonymous_4)
FNF:5
FNH:5
FNDA:10,(anonymous_0)
FNDA:1,(anonymous_1)
FNDA:3,(anonymous_2)
FNDA:1,(anonymous_3)
FNDA:4,(anonymous_4)
DA:1,7
DA:2,7
DA:3,7
DA:7,10
DA:8,10
DA:12,1
DA:16,3
DA:20,1
DA:24,4
DA:32,4
DA:33,1
DA:34,3
DA:35,1
DA:36,1
DA:42,2
DA:44,2
DA:47,4
DA:51,7
DA:53,7
LF:19
LH:19
BRDA:32,0,0,1
BRDA:32,0,1,3
BRDA:32,1,0,4
BRDA:32,1,1,1
BRDA:34,2,0,1
BRDA:34,2,1,2
BRDA:34,3,0,3
BRDA:34,3,1,3
BRF:8
BRH:8
end_of_record
TN:
SF:lib/exit.js
FN:6,(anonymous_0)
FN:11,(anonymous_1)
FN:15,(anonymous_2)
FN:19,(anonymous_3)
FN:23,(anonymous_4)
FNF:5
FNH:2
FNDA:2,(anonymous_0)
FNDA:0,(anonymous_1)
FNDA:2,(anonymous_2)
FNDA:0,(anonymous_3)
FNDA:0,(anonymous_4)
DA:1,7
DA:2,7
DA:3,7
DA:7,2
DA:8,2
DA:12,0
DA:16,2
DA:20,0
DA:24,0
DA:33,0
DA:35,0
DA:36,0
DA:37,0
DA:38,0
DA:42,7
DA:44,7
LF:16
LH:8
BRF:0
BRH:0
end_of_record
TN:
SF:lib/game.js
FN:4,(anonymous_0)
FN:17,(anonymous_1)
FN:26,(anonymous_2)
FN:41,frame
FN:54,track
FNF:5
FNH:5
FNDA:7,(anonymous_0)
FNDA:6,(anonymous_1)
FNDA:3,(anonymous_2)
FNDA:11,frame
FNDA:13,track
DA:1,1
DA:5,7
DA:6,7
DA:7,7
DA:8,7
DA:14,7
DA:18,6
DA:26,7
DA:27,3
DA:32,3
DA:40,6
DA:42,11
DA:43,3
DA:44,3
DA:46,11
DA:47,11
DA:49,6
DA:53,7
DA:55,13
DA:56,6
DA:57,6
DA:60,7
DA:61,7
DA:62,7
DA:66,1
LF:25
LH:25
BRDA:42,0,0,3
BRDA:42,0,1,8
BRDA:55,1,0,6
BRDA:55,1,1,7
BRF:4
BRH:4
end_of_record
TN:
SF:lib/level.js
FN:5,(anonymous_0)
FN:9,(anonymous_1)
FN:21,(anonymous_2)
FN:22,(anonymous_3)
FN:36,(anonymous_4)
FNF:5
FNH:5
FNDA:43,(anonymous_0)
FNDA:291,(anonymous_1)
FNDA:291,(anonymous_2)
FNDA:5022,(anonymous_3)
FNDA:42,(anonymous_4)
DA:1,7
DA:2,7
DA:6,43
DA:9,291
DA:10,43
DA:11,43
DA:12,43
DA:21,43
DA:22,291
DA:23,5022
DA:24,5022
DA:25,95
DA:26,95
DA:36,43
DA:38,42
DA:39,42
DA:40,42
DA:41,42
DA:44,42
DA:45,42
DA:46,42
DA:47,42
DA:48,42
DA:51,38
DA:55,7
LF:25
LH:25
BRDA:24,0,0,4927
BRDA:24,0,1,95
BRDA:46,1,0,42
BRDA:46,1,1,40
BRDA:46,1,2,40
BRDA:46,1,3,40
BRDA:47,2,0,4
BRDA:47,2,1,38
BRDA:48,3,0,4
BRDA:48,3,1,38
BRF:10
BRH:10
end_of_record
TN:
SF:lib/levelCharTypes.js
FNF:0
FNH:0
DA:1,7
DA:2,7
DA:3,7
DA:4,7
DA:5,7
DA:7,7
DA:18,7
LF:7
LH:7
BRF:0
BRH:0
end_of_record
TN:
SF:lib/levelPlans.js
FNF:0
FNH:0
DA:1,7
DA:12,7
DA:23,7
DA:34,7
LF:4
LH:4
BRF:0
BRH:0
end_of_record
TN:
SF:lib/matrixGame.js
FN:2,(anonymous_0)
FN:8,(anonymous_1)
FN:18,(anonymous_2)
FN:24,(anonymous_3)
FN:37,(anonymous_4)
FNF:5
FNH:5
FNDA:6,(anonymous_0)
FNDA:4,(anonymous_1)
FNDA:4,(anonymous_2)
FNDA:3,(anonymous_3)
FNDA:8,(anonymous_4)
DA:3,6
DA:4,6
DA:5,6
DA:8,6
DA:9,4
DA:10,4
DA:13,4
DA:14,4
DA:15,4
DA:18,6
DA:19,4
DA:20,4
DA:21,4
DA:24,6
DA:25,3
DA:26,2
DA:27,2
DA:28,2
DA:30,3
DA:31,1
DA:32,1
DA:33,1
DA:37,6
DA:38,8
DA:42,8
LF:25
LH:25
BRDA:25,0,0,2
BRDA:25,0,1,1
BRDA:30,1,0,1
BRDA:30,1,1,2
BRF:4
BRH:4
end_of_record
TN:
SF:lib/player.js
FN:5,(anonymous_0)
FN:11,(anonymous_1)
FN:15,(anonymous_2)
FN:31,(anonymous_3)
FNF:4
FNH:4
FNDA:64,(anonymous_0)
FNDA:40,(anonymous_1)
FNDA:42,(anonymous_2)
FNDA:20,(anonymous_3)
DA:1,7
DA:2,7
DA:6,64
DA:7,64
DA:8,64
DA:12,40
DA:16,42
DA:34,20
DA:35,20
DA:36,20
DA:40,20
DA:41,20
DA:42,20
DA:44,20
DA:45,20
DA:47,20
DA:48,18
DA:50,20
DA:52,20
DA:53,19
DA:55,20
DA:59,7
DA:61,7
LF:23
LH:23
BRDA:35,0,0,2
BRDA:35,0,1,18
BRDA:36,1,0,5
BRDA:36,1,1,15
BRDA:41,2,0,2
BRDA:41,2,1,18
BRDA:42,3,0,2
BRDA:42,3,1,18
BRDA:47,4,0,18
BRDA:47,4,1,2
BRDA:52,5,0,19
BRDA:52,5,1,1
BRF:12
BRH:12
end_of_record
TN:
SF:lib/state.js
FN:2,(anonymous_0)
FN:18,(anonymous_1)
FN:22,(anonymous_2)
FN:23,(anonymous_3)
FN:33,(anonymous_4)
FN:34,(anonymous_5)
FN:51,(anonymous_6)
FN:52,(anonymous_7)
FN:72,(anonymous_8)
FNF:9
FNH:9
FNDA:83,(anonymous_0)
FNDA:18,(anonymous_1)
FNDA:23,(anonymous_2)
FNDA:44,(anonymous_3)
FNDA:16,(anonymous_4)
FNDA:45,(anonymous_5)
FNDA:45,(anonymous_6)
FNDA:15,(anonymous_7)
FNDA:55,(anonymous_8)
DA:10,83
DA:11,83
DA:12,83
DA:13,83
DA:14,83
DA:15,83
DA:19,18
DA:23,44
DA:33,83
DA:34,45
DA:35,16
DA:44,16
DA:45,16
DA:46,45
DA:47,7
DA:51,45
DA:52,16
DA:53,16
DA:54,15
DA:59,1
DA:63,16
DA:72,83
DA:73,55
DA:82,7
LF:24
LH:24
BRDA:6,0,0,38
BRDA:7,1,0,38
BRDA:8,2,0,38
BRDA:46,3,0,7
BRDA:46,3,1,38
BRDA:46,4,0,45
BRDA:46,4,1,30
BRDA:53,5,0,15
BRDA:53,5,1,1
BRDA:53,6,0,16
BRDA:53,6,1,15
BRDA:54,7,0,1
BRDA:54,7,1,14
BRDA:55,8,0,15
BRDA:55,8,1,8
BRDA:55,8,2,8
BRDA:55,8,3,7
BRDA:74,9,0,55
BRDA:74,9,1,54
BRDA:74,9,2,15
BRDA:74,9,3,15
BRF:21
BRH:21
end_of_record
TN:
SF:lib/vector.js
FN:2,(anonymous_0)
FN:6,(anonymous_1)
FN:9,(anonymous_2)
FNF:3
FNH:3
FNDA:442,(anonymous_0)
FNDA:42,(anonymous_1)
FNDA:2,(anonymous_2)
DA:3,442
DA:4,442
DA:7,42
DA:10,2
DA:14,8
LF:5
LH:5
BRF:0
BRH:0
end_of_record
