TN:
SF:lib/blockJumpGame.js
FN:2,(anonymous_0)
FN:13,(anonymous_1)
FN:21,(anonymous_2)
FN:25,(anonymous_3)
FN:29,(anonymous_4)
FN:33,(anonymous_5)
FN:34,(anonymous_6)
FN:50,(anonymous_7)
FN:55,(anonymous_8)
FN:65,(anonymous_9)
FNF:10
FNH:10
FNDA:11,(anonymous_0)
FNDA:5,(anonymous_1)
FNDA:2,(anonymous_2)
FNDA:10,(anonymous_3)
FNDA:6,(anonymous_4)
FNDA:5,(anonymous_5)
FNDA:1370,(anonymous_6)
FNDA:19,(anonymous_7)
FNDA:1,(anonymous_8)
FNDA:17,(anonymous_9)
DA:3,11
DA:4,11
DA:5,11
DA:6,11
DA:7,11
DA:8,11
DA:9,11
DA:10,11
DA:13,11
DA:14,5
DA:15,5
DA:16,5
DA:17,5
DA:21,11
DA:22,2
DA:25,11
DA:26,10
DA:29,11
DA:30,6
DA:33,11
DA:34,5
DA:35,1370
DA:38,1370
DA:41,1370
DA:42,4
DA:43,4
DA:44,4
DA:45,4
DA:50,11
DA:51,19
DA:52,12
DA:53,12
DA:54,12
DA:55,1
DA:56,1
DA:57,1
DA:58,1
DA:59,1
DA:60,1
DA:61,1
DA:65,19
DA:66,17
DA:71,7
LF:43
LH:43
BRDA:41,0,0,4
BRDA:41,0,1,1366
BRDA:41,1,0,1370
BRDA:41,1,1,4
BRDA:41,1,2,4
BRDA:51,2,0,12
BRDA:51,2,1,7
BRDA:54,3,0,1
BRDA:54,3,1,11
BRF:9
BRH:9
end_of_record
TN:
SF:lib/canvasDisplay.js
FN:2,(anonymous_0)
FN:33,(anonymous_1)
FN:50,(anonymous_2)
FN:54,(anonymous_3)
FN:65,(anonymous_4)
FN:72,(anonymous_5)
FN:91,(anonymous_6)
FN:113,(anonymous_7)
FNF:8
FNH:0
FNDA:0,(anonymous_0)
FNDA:0,(anonymous_1)
FNDA:0,(anonymous_2)
FNDA:0,(anonymous_3)
FNDA:0,(anonymous_4)
FNDA:0,(anonymous_5)
FNDA:0,(anonymous_6)
FNDA:0,(anonymous_7)
DA:3,0
DA:6,0
DA:8,0
DA:11,0
DA:12,0
DA:15,0
DA:16,0
DA:19,0
DA:20,0
DA:23,0
DA:24,0
DA:27,0
DA:28,0
DA:30,0
DA:35,0
DA:36,0
DA:38,0
DA:40,0
DA:43,0
DA:47,0
DA:51,0
DA:55,0
DA:56,0
DA:58,0
DA:59,0
DA:60,0
DA:61,0
DA:65,0
DA:66,0
DA:67,0
DA:68,0
DA:69,0
DA:72,0
DA:73,0
DA:74,0
DA:75,0
DA:76,0
DA:77,0
DA:78,0
DA:79,0
DA:91,0
DA:92,0
DA:93,0
DA:94,0
DA:95,0
DA:96,0
DA:97,0
DA:98,0
DA:99,0
DA:100,0
DA:101,0
DA:102,0
DA:113,0
DA:114,0
DA:118,1
LF:55
LH:1
BRDA:55,0,0,0
BRDA:55,0,1,0
BRDA:76,1,0,0
BRDA:76,1,1,0
BRDA:78,2,0,0
BRDA:78,2,1,0
BRDA:97,3,0,0
BRDA:97,3,1,0
BRDA:99,4,0,0
BRDA:99,4,1,0
BRDA:101,5,0,0
BRDA:101,5,1,0
BRF:12
BRH:0
end_of_record
TN:
SF:lib/cookieJar.js
FN:6,(anonymous_0)
FN:13,(anonymous_1)
FN:17,(anonymous_2)
FN:21,(anonymous_3)
FN:30,(anonymous_4)
FN:39,(anonymous_5)
FNF:6
FNH:6
FNDA:62,(anonymous_0)
FNDA:16,(anonymous_1)
FNDA:38,(anonymous_2)
FNDA:17,(anonymous_3)
FNDA:16,(anonymous_4)
FNDA:6,(anonymous_5)
DA:1,6
DA:2,6
DA:3,6
DA:7,62
DA:8,62
DA:9,62
DA:10,62
DA:14,16
DA:18,38
DA:22,17
DA:31,16
DA:32,9
DA:38,9
DA:39,9
DA:40,6
DA:41,2
DA:47,2
DA:48,4
DA:49,3
DA:55,3
DA:58,9
DA:60,16
DA:64,6
DA:66,6
LF:24
LH:24
BRDA:6,0,0,40
BRDA:6,1,0,40
BRDA:31,2,0,9
BRDA:31,2,1,7
BRDA:40,3,0,2
BRDA:40,3,1,4
BRDA:48,4,0,3
BRDA:48,4,1,1
BRF:8
BRH:8
end_of_record
TN:
SF:lib/cookieMonster.js
FN:5,(anonymous_0)
FN:11,(anonymous_1)
FN:15,(anonymous_2)
FN:19,(anonymous_3)
FN:23,(anonymous_4)
FNF:5
FNH:5
FNDA:32,(anonymous_0)
FNDA:7,(anonymous_1)
FNDA:24,(anonymous_2)
FNDA:5,(anonymous_3)
FNDA:1,(anonymous_4)
DA:1,6
DA:2,6
DA:6,32
DA:7,32
DA:8,32
DA:12,7
DA:16,24
DA:20,5
DA:25,1
DA:27,1
DA:30,1
DA:34,6
DA:36,6
LF:13
LH:13
BRDA:5,0,0,26
BRF:1
BRH:1
end_of_record
TN:
SF:lib/game.js
FN:4,(anonymous_0)
FN:16,(anonymous_1)
FN:25,(anonymous_2)
FN:44,frame
FN:57,track
FNF:5
FNH:5
FNDA:8,(anonymous_0)
FNDA:7,(anonymous_1)
FNDA:4,(anonymous_2)
FNDA:13,frame
FNDA:15,track
DA:1,1
DA:5,8
DA:6,8
DA:7,8
DA:8,8
DA:17,7
DA:25,8
DA:27,4
DA:28,4
DA:29,4
DA:30,3
DA:32,1
DA:34,1
DA:43,7
DA:45,13
DA:46,4
DA:47,4
DA:49,12
DA:50,12
DA:52,7
DA:56,8
DA:58,15
DA:59,7
DA:60,7
DA:63,8
DA:64,8
DA:65,8
DA:69,1
LF:28
LH:28
BRDA:29,0,0,3
BRDA:29,0,1,1
BRDA:45,1,0,4
BRDA:45,1,1,9
BRDA:47,2,0,1
BRDA:47,2,1,3
BRDA:58,3,0,7
BRDA:58,3,1,8
BRF:8
BRH:8
end_of_record
TN:
SF:lib/level.js
FN:5,(anonymous_0)
FN:9,(anonymous_1)
FN:21,(anonymous_2)
FN:22,(anonymous_3)
FN:36,(anonymous_4)
FNF:5
FNH:5
FNDA:35,(anonymous_0)
FNDA:315,(anonymous_1)
FNDA:315,(anonymous_2)
FNDA:5649,(anonymous_3)
FNDA:44,(anonymous_4)
DA:1,6
DA:2,6
DA:6,35
DA:9,315
DA:10,35
DA:11,35
DA:12,35
DA:21,35
DA:22,315
DA:23,5649
DA:24,5649
DA:25,91
DA:26,91
DA:36,35
DA:38,44
DA:39,44
DA:40,44
DA:41,44
DA:44,44
DA:45,44
DA:46,44
DA:47,44
DA:48,44
DA:51,38
DA:55,6
LF:25
LH:25
BRDA:24,0,0,5558
BRDA:24,0,1,91
BRDA:46,1,0,44
BRDA:46,1,1,42
BRDA:46,1,2,42
BRDA:46,1,3,42
BRDA:47,2,0,4
BRDA:47,2,1,40
BRDA:48,3,0,6
BRDA:48,3,1,38
BRF:10
BRH:10
end_of_record
TN:
SF:lib/levelCharTypes.js
FNF:0
FNH:0
DA:1,6
DA:2,6
DA:3,6
DA:5,6
DA:13,6
LF:5
LH:5
BRF:0
BRH:0
end_of_record
TN:
SF:lib/levelPlans.js
FNF:0
FNH:0
DA:1,4
DA:12,4
LF:2
LH:2
BRF:0
BRH:0
end_of_record
TN:
SF:lib/player.js
FN:4,(anonymous_0)
FN:10,(anonymous_1)
FN:14,(anonymous_2)
FN:30,(anonymous_3)
FNF:4
FNH:4
FNDA:69,(anonymous_0)
FNDA:38,(anonymous_1)
FNDA:46,(anonymous_2)
FNDA:21,(anonymous_3)
DA:1,6
DA:5,69
DA:6,69
DA:7,69
DA:11,38
DA:15,46
DA:33,21
DA:34,21
DA:35,21
DA:39,21
DA:40,21
DA:41,21
DA:43,21
DA:44,21
DA:46,21
DA:47,18
DA:49,21
DA:51,21
DA:52,19
DA:54,21
DA:58,6
DA:60,6
LF:22
LH:22
BRDA:34,0,0,2
BRDA:34,0,1,19
BRDA:35,1,0,5
BRDA:35,1,1,16
BRDA:40,2,0,2
BRDA:40,2,1,19
BRDA:41,3,0,2
BRDA:41,3,1,19
BRDA:46,4,0,18
BRDA:46,4,1,3
BRDA:51,5,0,19
BRDA:51,5,1,2
BRF:12
BRH:12
end_of_record
TN:
SF:lib/state.js
FN:2,(anonymous_0)
FN:9,(anonymous_1)
FN:13,(anonymous_2)
FN:14,(anonymous_3)
FN:24,(anonymous_4)
FN:25,(anonymous_5)
FN:36,(anonymous_6)
FN:58,(anonymous_7)
FNF:8
FNH:8
FNDA:64,(anonymous_0)
FNDA:19,(anonymous_1)
FNDA:21,(anonymous_2)
FNDA:24,(anonymous_3)
FNDA:16,(anonymous_4)
FNDA:36,(anonymous_5)
FNDA:31,(anonymous_6)
FNDA:33,(anonymous_7)
DA:3,64
DA:4,64
DA:5,64
DA:6,64
DA:10,19
DA:14,24
DA:24,64
DA:25,36
DA:26,16
DA:32,16
DA:34,14
DA:36,31
DA:37,14
DA:41,1
DA:44,14
DA:45,31
DA:46,7
DA:49,14
DA:58,64
DA:59,33
DA:68,6
LF:21
LH:21
BRDA:2,0,0,34
BRDA:32,1,0,2
BRDA:32,1,1,14
BRDA:37,2,0,1
BRDA:37,2,1,13
BRDA:38,3,0,14
BRDA:38,3,1,7
BRDA:38,3,2,6
BRDA:45,4,0,7
BRDA:45,4,1,24
BRDA:45,5,0,31
BRDA:45,5,1,17
BRDA:60,6,0,33
BRDA:60,6,1,32
BRDA:60,6,2,15
BRDA:60,6,3,15
BRF:16
BRH:16
end_of_record
TN:
SF:lib/vector.js
FN:2,(anonymous_0)
FN:6,(anonymous_1)
FN:9,(anonymous_2)
FNF:3
FNH:3
FNDA:397,(anonymous_0)
FNDA:44,(anonymous_1)
FNDA:2,(anonymous_2)
DA:3,397
DA:4,397
DA:7,44
DA:10,2
DA:14,7
LF:5
LH:5
BRF:0
BRH:0
end_of_record
TN:
SF:test/mockLevelPlan1.js
FNF:0
FNH:0
DA:1,2
DA:12,2
LF:2
LH:2
BRF:0
BRH:0
end_of_record
